c:\users\ncepu\documents\visual studio 2015\projects\extractfileapi\extractfileapi\x64\release\vc140.pdb
c:\users\ncepu\documents\visual studio 2015\projects\extractfileapi\extractfileapi\x64\release\microcomdocio.obj
c:\users\ncepu\documents\visual studio 2015\projects\extractfileapi\extractfileapi\x64\release\interface.obj
c:\users\ncepu\documents\visual studio 2015\projects\extractfileapi\extractfileapi\x64\release\comdocio.obj
c:\users\ncepu\documents\visual studio 2015\projects\extractfileapi\extractfileapi\x64\release\csharp.obj
c:\users\ncepu\documents\visual studio 2015\projects\extractfileapi\x64\release\release_x64_extractfileapi.lib
c:\users\ncepu\documents\visual studio 2015\projects\extractfileapi\x64\release\release_x64_extractfileapi.exp
c:\users\ncepu\documents\visual studio 2015\projects\extractfileapi\x64\release\release_x64_extractfileapi.dll
c:\users\ncepu\documents\visual studio 2015\projects\extractfileapi\x64\release\release_x64_extractfileapi.ipdb
c:\users\ncepu\documents\visual studio 2015\projects\extractfileapi\x64\release\release_x64_extractfileapi.iobj
c:\users\ncepu\documents\visual studio 2015\projects\extractfileapi\x64\release\release_x64_extractfileapi.pdb
c:\users\ncepu\documents\visual studio 2015\projects\extractfileapi\extractfileapi\x64\release\extractfileapi.tlog\cl.command.1.tlog
c:\users\ncepu\documents\visual studio 2015\projects\extractfileapi\extractfileapi\x64\release\extractfileapi.tlog\cl.read.1.tlog
c:\users\ncepu\documents\visual studio 2015\projects\extractfileapi\extractfileapi\x64\release\extractfileapi.tlog\cl.write.1.tlog
c:\users\ncepu\documents\visual studio 2015\projects\extractfileapi\extractfileapi\x64\release\extractfileapi.tlog\extractfileapi.write.1u.tlog
c:\users\ncepu\documents\visual studio 2015\projects\extractfileapi\extractfileapi\x64\release\extractfileapi.tlog\link.command.1.tlog
c:\users\ncepu\documents\visual studio 2015\projects\extractfileapi\extractfileapi\x64\release\extractfileapi.tlog\link.read.1.tlog
c:\users\ncepu\documents\visual studio 2015\projects\extractfileapi\extractfileapi\x64\release\extractfileapi.tlog\link.write.1.tlog
c:\users\ncepu\documents\visual studio 2015\projects\extractfileapi\extractfileapi\x64\release\extractfileapi.tlog\metagen.read.1.tlog
c:\users\ncepu\documents\visual studio 2015\projects\extractfileapi\extractfileapi\x64\release\extractfileapi.tlog\metagen.write.1.tlog
c:\users\ncepu\documents\visual studio 2015\projects\extractfileapi\extractfileapi\x64\release\extractfileapi.tlog\tzres.dll.bi
