  MicroComDocIO.cpp
  interface.cpp
c:\users\ncepu\documents\visual studio 2015\projects\extractfileapi\extractfileapi\interface.h(15): warning C4005: 'INTERFACE': macro redefinition
  c:\program files (x86)\windows kits\8.1\include\um\commdlg.h(954): note: see previous definition of 'INTERFACE'
c:\users\ncepu\documents\visual studio 2015\projects\extractfileapi\extractfileapi\interface.cpp(13): warning C4273: 'TileImage::MDSFile::MDSFile': inconsistent dll linkage
  c:\users\ncepu\documents\visual studio 2015\projects\extractfileapi\extractfileapi\interface.h(52): note: see previous definition of '{ctor}'
c:\users\ncepu\documents\visual studio 2015\projects\extractfileapi\extractfileapi\interface.cpp(22): warning C4273: 'TileImage::MDSFile::GetImageInfo': inconsistent dll linkage
  c:\users\ncepu\documents\visual studio 2015\projects\extractfileapi\extractfileapi\interface.h(53): note: see previous definition of 'GetImageInfo'
c:\users\ncepu\documents\visual studio 2015\projects\extractfileapi\extractfileapi\interface.cpp(64): warning C4273: 'TileImage::MDSFile::GetLayerProperty': inconsistent dll linkage
  c:\users\ncepu\documents\visual studio 2015\projects\extractfileapi\extractfileapi\interface.h(54): note: see previous definition of 'GetLayerProperty'
c:\users\ncepu\documents\visual studio 2015\projects\extractfileapi\extractfileapi\interface.cpp(118): warning C4273: 'TileImage::MDSFile::GetTileData': inconsistent dll linkage
  c:\users\ncepu\documents\visual studio 2015\projects\extractfileapi\extractfileapi\interface.h(55): note: see previous definition of 'GetTileData'
c:\users\ncepu\documents\visual studio 2015\projects\extractfileapi\extractfileapi\interface.cpp(121): warning C4996: 'sprintf': This function or variable may be unsafe. Consider using sprintf_s instead. To disable deprecation, use _CRT_SECURE_NO_WARNINGS. See online help for details.
  c:\program files (x86)\windows kits\10\include\10.0.10240.0\ucrt\stdio.h(1769): note: see declaration of 'sprintf'
c:\users\ncepu\documents\visual studio 2015\projects\extractfileapi\extractfileapi\interface.cpp(129): warning C4273: 'TileImage::MDSFile::GetTileVirtualData': inconsistent dll linkage
  c:\users\ncepu\documents\visual studio 2015\projects\extractfileapi\extractfileapi\interface.h(56): note: see previous definition of 'GetTileVirtualData'
c:\users\ncepu\documents\visual studio 2015\projects\extractfileapi\extractfileapi\interface.cpp(215): warning C4273: 'TileImage::MDSFile::GetMinLevelImage': inconsistent dll linkage
  c:\users\ncepu\documents\visual studio 2015\projects\extractfileapi\extractfileapi\interface.h(57): note: see previous definition of 'GetMinLevelImage'
c:\users\ncepu\documents\visual studio 2015\projects\extractfileapi\extractfileapi\interface.cpp(229): warning C4273: 'TileImage::MDSFile::~MDSFile': inconsistent dll linkage
  c:\users\ncepu\documents\visual studio 2015\projects\extractfileapi\extractfileapi\interface.h(58): note: see previous definition of '{dtor}'
  ComDocIO.cpp
  Generating Code...
c:\users\ncepu\documents\visual studio 2015\projects\extractfileapi\extractfileapi\comdocio.h(100): warning C4715: 'ComDoc::ComDocIO::CompareWstring': not all control paths return a value
  CSharp.cpp
c:\users\ncepu\documents\visual studio 2015\projects\extractfileapi\extractfileapi\interface.h(13): warning C4005: 'INTERFACE': macro redefinition
  c:\program files (x86)\windows kits\8.1\include\um\commdlg.h(954): note: see previous definition of 'INTERFACE'
     Creating library C:\Users\NCEPU\Documents\Visual Studio 2015\Projects\ExtractFileAPI\x64\Debug\Debug_x64_ExtractFileAPI.lib and object C:\Users\NCEPU\Documents\Visual Studio 2015\Projects\ExtractFileAPI\x64\Debug\Debug_x64_ExtractFileAPI.exp
  ExtractFileAPI.vcxproj -> C:\Users\NCEPU\Documents\Visual Studio 2015\Projects\ExtractFileAPI\x64\Debug\Debug_x64_ExtractFileAPI.dll
  ExtractFileAPI.vcxproj -> C:\Users\NCEPU\Documents\Visual Studio 2015\Projects\ExtractFileAPI\x64\Debug\Debug_x64_ExtractFileAPI.pdb (Full PDB)
